<html>
<body>
<pre>
<h1>µVision Build Log</h1>
<h2>Tool Versions:</h2>
IDE-Version: µVision V5.41.0.0
Copyright (C) 2024 ARM Ltd and ARM Germany GmbH. All rights reserved.
License Information: 1 ying, 11, LIC=UJWP0-BKVCA-JJL6S-LIH2R-QP614-EMZS5
 
Tool Versions:
Toolchain:       MDK-ARM Plus  Version: 5.41.0.0
Toolchain Path:  D:\keil\Mdk\ARM\ARMCC\Bin
C Compiler:      Armcc.exe V5.06 update 7 (build 960)
Assembler:       Armasm.exe V5.06 update 7 (build 960)
Linker/Locator:  ArmLink.exe V5.06 update 7 (build 960)
Library Manager: ArmAr.exe V5.06 update 7 (build 960)
Hex Converter:   FromElf.exe V5.06 update 7 (build 960)
CPU DLL:         SARMCM3.DLL V5.41.0.0
Dialog DLL:      DCM.DLL V1.17.5.0
Target DLL:      STLink\ST-LINKIII-KEIL_SWO.dll V3.3.0.0
Dialog DLL:      TCM.DLL V1.56.4.0
 
<h2>Project:</h2>
F:\wrok_project\w_project\code\Function_test_f103\01\stm32f1_basic\MDK-ARM\stm32f1_basic.uvprojx
Project File Date:  04/06/2025

<h2>Output:</h2>
*** Using Compiler 'V5.06 update 7 (build 960)', folder: 'D:\keil\Mdk\ARM\ARMCC\Bin'
Rebuild target 'stm32f1_basic'
assembling startup_stm32f103xb.s...
compiling stm32f1xx_hal.c...
compiling stm32f1xx_hal_timebase_tim.c...
compiling stm32f1xx_hal_rcc_ex.c...
compiling stm32f1xx_hal_gpio_ex.c...
compiling stm32f1xx_hal_msp.c...
compiling bsp.c...
compiling usart.c...
compiling gpio.c...
compiling main.c...
compiling stm32f1xx_it.c...
compiling freertos.c...
compiling stm32f1xx_hal_rcc.c...
compiling croutine.c...
compiling event_groups.c...
compiling list.c...
compiling queue.c...
compiling stream_buffer.c...
compiling system_stm32f1xx.c...
compiling stm32f1xx_hal_exti.c...
compiling stm32f1xx_hal_cortex.c...
compiling stm32f1xx_hal_gpio.c...
compiling stm32f1xx_hal_dma.c...
compiling stm32f1xx_hal_pwr.c...
compiling stm32f1xx_hal_flash.c...
compiling stm32f1xx_hal_flash_ex.c...
compiling tasks.c...
compiling timers.c...
compiling heap_4.c...
compiling stm32f1xx_hal_tim_ex.c...
compiling stm32f1xx_hal_uart.c...
compiling port.c...
compiling cmsis_os.c...
compiling stm32f1xx_hal_tim.c...
compiling bsp_cpu_rtc.c...
..\User\bsp\src\bsp_cpu_rtc.c(26): error:  #20: identifier "RTC_T" is undefined
  RTC_T g_tRTC;
..\User\bsp\src\bsp_cpu_rtc.c(41): warning:  #177-D: variable "u16_WaitForOscSource"  was declared but never referenced
       uint16_t u16_WaitForOscSource;
..\User\bsp\src\bsp_cpu_rtc.c(130): error:  #169: expected a declaration
  	return;
..\User\bsp\src\bsp_cpu_rtc.c(131): error:  #169: expected a declaration
  }
..\User\bsp\src\bsp_cpu_rtc.c(164): warning:  #12-D: parsing restarts here after previous syntax error
  		return 0; 
..\User\bsp\src\bsp_cpu_rtc.c(165): error:  #169: expected a declaration
  	}
..\User\bsp\src\bsp_cpu_rtc.c(198): warning:  #12-D: parsing restarts here after previous syntax error
  	_mon -= 1;
..\User\bsp\src\bsp_cpu_rtc.c(200): error:  #169: expected a declaration
  	for (t = 0; t < _mon; t++)         /* ?????????????????????? */
..\User\bsp\src\bsp_cpu_rtc.c(210): warning:  #12-D: parsing restarts here after previous syntax error
  	seccount += (uint32_t)(_day - 1) * 86400;	/* ?????????????????????? */
..\User\bsp\src\bsp_cpu_rtc.c(212): error:  #77-D: this declaration has no storage class or type specifier
  	seccount += (uint32_t)_hour * 3600;		/* ?????????? */
..\User\bsp\src\bsp_cpu_rtc.c(212): error:  #65: expected a ";"
  	seccount += (uint32_t)_hour * 3600;		/* ?????????? */
..\User\bsp\src\bsp_cpu_rtc.c(214): error:  #77-D: this declaration has no storage class or type specifier
  	seccount += (uint32_t)_min * 60;	/* ?????????? */
..\User\bsp\src\bsp_cpu_rtc.c(214): error:  #65: expected a ";"
  	seccount += (uint32_t)_min * 60;	/* ?????????? */
..\User\bsp\src\bsp_cpu_rtc.c(216): error:  #77-D: this declaration has no storage class or type specifier
  	seccount += _sec;	/* ???????????????? */
..\User\bsp\src\bsp_cpu_rtc.c(216): error:  #65: expected a ";"
  	seccount += _sec;	/* ???????????????? */
..\User\bsp\src\bsp_cpu_rtc.c(218): error:  #260-D: explicit type is missing ("int" assumed)
  	PWR_BackupAccessCmd(ENABLE);	/* ?????? */
..\User\bsp\src\bsp_cpu_rtc.c(218): error:  #92: identifier-list parameters may only be used in a function definition
  	PWR_BackupAccessCmd(ENABLE);	/* ?????? */
..\User\bsp\src\bsp_cpu_rtc.c(220): warning:  #1295-D: Deprecated declaration RTC_WaitForLastTask - give arg types
  	RTC_WaitForLastTask();
..\User\bsp\src\bsp_cpu_rtc.c(220): error:  #260-D: explicit type is missing ("int" assumed)
  	RTC_WaitForLastTask();
..\User\bsp\src\bsp_cpu_rtc.c(222): error:  #260-D: explicit type is missing ("int" assumed)
  	RTC_SetCounter(seccount);
..\User\bsp\src\bsp_cpu_rtc.c(222): error:  #92: identifier-list parameters may only be used in a function definition
  	RTC_SetCounter(seccount);
..\User\bsp\src\bsp_cpu_rtc.c(224): warning:  #1295-D: Deprecated declaration RTC_WaitForLastTask - give arg types
  	RTC_WaitForLastTask();			/* ?????? PWR_BackupAccessCmd(ENABLE); ?????????????? */
..\User\bsp\src\bsp_cpu_rtc.c(224): error:  #260-D: explicit type is missing ("int" assumed)
  	RTC_WaitForLastTask();			/* ?????? PWR_BackupAccessCmd(ENABLE); ?????????????? */
..\User\bsp\src\bsp_cpu_rtc.c(226): error:  #169: expected a declaration
  	return 1;      
..\User\bsp\src\bsp_cpu_rtc.c(227): error:  #169: expected a declaration
  }
..\User\bsp\src\bsp_cpu_rtc.c(259): warning:  #12-D: parsing restarts here after previous syntax error
  					temp -= 366;		/* ???????????? */
..\User\bsp\src\bsp_cpu_rtc.c(260): error:  #169: expected a declaration
  				}
..\User\bsp\src\bsp_cpu_rtc.c(271): warning:  #12-D: parsing restarts here after previous syntax error
  			temp1++;  
..\User\bsp\src\bsp_cpu_rtc.c(272): error:  #169: expected a declaration
  		}   
..\User\bsp\src\bsp_cpu_rtc.c(275): error:  #77-D: this declaration has no storage class or type specifier
  		temp1 = 0;
..\User\bsp\src\bsp_cpu_rtc.c(276): error:  #169: expected a declaration
  		while (temp >= 28)	/* ???????????? */
..\User\bsp\src\bsp_cpu_rtc.c(300): warning:  #12-D: parsing restarts here after previous syntax error
  			temp1++;  
..\User\bsp\src\bsp_cpu_rtc.c(301): error:  #169: expected a declaration
  		}
..\User\bsp\src\bsp_cpu_rtc.c(303): error:  #77-D: this declaration has no storage class or type specifier
  		g_tRTC.Day = temp + 1;  /* ???????? */
..\User\bsp\src\bsp_cpu_rtc.c(303): error:  #65: expected a ";"
  		g_tRTC.Day = temp + 1;  /* ???????? */
..\User\bsp\src\bsp_cpu_rtc.c(304): error:  #169: expected a declaration
  	}
..\User\bsp\src\bsp_cpu_rtc.c(308): error:  #77-D: this declaration has no storage class or type specifier
  	g_tRTC.Hour = temp / 3600;	/* ???? */
..\User\bsp\src\bsp_cpu_rtc.c(308): error:  #65: expected a ";"
  	g_tRTC.Hour = temp / 3600;	/* ???? */
..\User\bsp\src\bsp_cpu_rtc.c(310): error:  #77-D: this declaration has no storage class or type specifier
  	g_tRTC.Min = (temp % 3600) / 60; /* ???? */
..\User\bsp\src\bsp_cpu_rtc.c: 9 warnings, 30 errors
compiling bsp_led.c...
compiling bsp_key.c...
compiling bsp_uart_fifo.c...
compiling bsp_timer.c...
"stm32f1_basic\stm32f1_basic.axf" - 30 Error(s), 9 Warning(s).

<h2>Software Packages used:</h2>

Package Vendor: ARM
                https://www.keil.com/pack/ARM.CMSIS.6.1.0.pack
                ARM::CMSIS@6.1.0
                CMSIS (Common Microcontroller Software Interface Standard)
   * Component: CORE Version: 6.1.0

Package Vendor: Keil
                https://www.keil.com/pack/Keil.STM32F1xx_DFP.2.4.1.pack
                Keil::STM32F1xx_DFP@2.4.1
                STMicroelectronics STM32F1 Series Device Support, Drivers and Examples

<h2>Collection of Component include folders:</h2>
  ./RTE/_stm32f1_basic
  D:/keil/Packs/ARM/CMSIS/6.1.0/CMSIS/Core/Include
  D:/keil/Packs/Keil/STM32F1xx_DFP/2.4.1/Device/Include

<h2>Collection of Component Files used:</h2>

   * Component: ARM::CMSIS:CORE@6.1.0
      Include file:  CMSIS/Core/Include/tz_context.h
Target not created.
Build Time Elapsed:  00:00:05
</pre>
</body>
</html>
